<?xml version="1.0" encoding="UTF-8"?>
<Site BuildName="Linux-clang++-17"
	BuildStamp="20231106-0116-Experimental"
	Name="gongminbin-OptiPlex-7080"
	Generator="ctest-3.22.1"
	CompilerName="/usr/bin/clang++-17"
	CompilerVersion="17.0.0"
	OSName="Linux"
	Hostname="gongminbin-OptiPlex-7080"
	OSRelease="6.2.0-36-generic"
	OSVersion="#37~22.04.1-Ubuntu SMP PREEMPT_DYNAMIC Mon Oct  9 15:34:04 UTC 2"
	OSPlatform="x86_64"
	Is64Bits="1"
	VendorString="GenuineIntel"
	VendorID="Intel Corporation"
	FamilyID="6"
	ModelID="165"
	ProcessorCacheSize="16384"
	NumberOfLogicalCPU="16"
	NumberOfPhysicalCPU="8"
	TotalVirtualMemory="2047"
	TotalPhysicalMemory="15695"
	LogicalProcessorsPerPhysical="2"
	ProcessorClockFrequency="4600"
	>
	<Testing>
		<StartDateTime>Nov 06 15:23 CST</StartDateTime>
		<StartTestTime>1699255418</StartTestTime>
		<TestList/>
		<EndDateTime>Nov 06 15:23 CST</EndDateTime>
		<EndTestTime>1699255418</EndTestTime>
		<ElapsedMinutes>0</ElapsedMinutes>
	</Testing>
</Site>
